[08-May-2019 15:40:14 UTC] PHP Deprecated:  Function create_function() is deprecated in /home/institute/public_html/wp-content/plugins/ultimate-product-catalogue/Functions/UPCP_Widget.php on line 71
[08-May-2019 15:40:14 UTC] PHP Deprecated:  Function create_function() is deprecated in /home/institute/public_html/wp-content/plugins/ultimate-product-catalogue/Functions/UPCP_Widget.php on line 142
[08-May-2019 15:40:14 UTC] PHP Deprecated:  Function create_function() is deprecated in /home/institute/public_html/wp-content/plugins/ultimate-product-catalogue/Functions/UPCP_Widget.php on line 213
[08-May-2019 15:40:14 UTC] PHP Deprecated:  Function create_function() is deprecated in /home/institute/public_html/wp-content/plugins/ultimate-product-catalogue/Functions/UPCP_Widget.php on line 280
[08-May-2019 15:40:14 UTC] PHP Deprecated:  Function create_function() is deprecated in /home/institute/public_html/wp-content/plugins/ultimate-product-catalogue/Functions/UPCP_Widget.php on line 353
[08-May-2019 15:40:14 UTC] PHP Deprecated:  Function create_function() is deprecated in /home/institute/public_html/wp-content/plugins/ultimate-product-catalogue/Functions/UPCP_Widget.php on line 71
[08-May-2019 15:40:14 UTC] PHP Deprecated:  Function create_function() is deprecated in /home/institute/public_html/wp-content/plugins/ultimate-product-catalogue/Functions/UPCP_Widget.php on line 142
[08-May-2019 15:40:14 UTC] PHP Deprecated:  Function create_function() is deprecated in /home/institute/public_html/wp-content/plugins/ultimate-product-catalogue/Functions/UPCP_Widget.php on line 213
[08-May-2019 15:40:14 UTC] PHP Deprecated:  Function create_function() is deprecated in /home/institute/public_html/wp-content/plugins/ultimate-product-catalogue/Functions/UPCP_Widget.php on line 280
[08-May-2019 15:40:14 UTC] PHP Deprecated:  Function create_function() is deprecated in /home/institute/public_html/wp-content/plugins/ultimate-product-catalogue/Functions/UPCP_Widget.php on line 353
[08-May-2019 15:40:14 UTC] PHP Warning:  Cannot modify header information - headers already sent by (output started at /home/institute/public_html/wp-content/plugins/ultimate-product-catalogue/Functions/UPCP_Widget.php:71) in /home/institute/public_html/wp-content/plugins/infusedwooPRO/modules/referral.php on line 33
[08-May-2019 15:40:14 UTC] PHP Warning:  Cannot modify header information - headers already sent by (output started at /home/institute/public_html/wp-content/plugins/ultimate-product-catalogue/Functions/UPCP_Widget.php:71) in /home/institute/public_html/wp-content/plugins/infusedwooPRO/modules/referral.php on line 33
[08-May-2019 15:40:14 UTC] PHP Warning:  Cannot modify header information - headers already sent by (output started at /home/institute/public_html/wp-content/plugins/ultimate-product-catalogue/Functions/UPCP_Widget.php:71) in /home/institute/public_html/wp-includes/rest-api/class-wp-rest-server.php on line 1258
[08-May-2019 15:40:14 UTC] PHP Warning:  Cannot modify header information - headers already sent by (output started at /home/institute/public_html/wp-content/plugins/ultimate-product-catalogue/Functions/UPCP_Widget.php:71) in /home/institute/public_html/wp-includes/rest-api/class-wp-rest-server.php on line 1258
[08-May-2019 15:40:14 UTC] PHP Warning:  Cannot modify header information - headers already sent by (output started at /home/institute/public_html/wp-content/plugins/ultimate-product-catalogue/Functions/UPCP_Widget.php:71) in /home/institute/public_html/wp-includes/rest-api/class-wp-rest-server.php on line 1258
[08-May-2019 15:40:14 UTC] PHP Warning:  Cannot modify header information - headers already sent by (output started at /home/institute/public_html/wp-content/plugins/ultimate-product-catalogue/Functions/UPCP_Widget.php:71) in /home/institute/public_html/wp-includes/rest-api/class-wp-rest-server.php on line 1258
[08-May-2019 15:40:14 UTC] PHP Warning:  Cannot modify header information - headers already sent by (output started at /home/institute/public_html/wp-content/plugins/ultimate-product-catalogue/Functions/UPCP_Widget.php:71) in /home/institute/public_html/wp-includes/rest-api/class-wp-rest-server.php on line 1258
[08-May-2019 15:40:14 UTC] PHP Warning:  Cannot modify header information - headers already sent by (output started at /home/institute/public_html/wp-content/plugins/ultimate-product-catalogue/Functions/UPCP_Widget.php:71) in /home/institute/public_html/wp-includes/rest-api/class-wp-rest-server.php on line 1258
[08-May-2019 15:40:14 UTC] PHP Warning:  Cannot modify header information - headers already sent by (output started at /home/institute/public_html/wp-content/plugins/ultimate-product-catalogue/Functions/UPCP_Widget.php:71) in /home/institute/public_html/wp-includes/rest-api/class-wp-rest-server.php on line 1258
[08-May-2019 15:40:14 UTC] PHP Warning:  Cannot modify header information - headers already sent by (output started at /home/institute/public_html/wp-content/plugins/ultimate-product-catalogue/Functions/UPCP_Widget.php:71) in /home/institute/public_html/wp-includes/rest-api/class-wp-rest-server.php on line 1258
[08-May-2019 15:40:14 UTC] PHP Warning:  Cannot modify header information - headers already sent by (output started at /home/institute/public_html/wp-content/plugins/ultimate-product-catalogue/Functions/UPCP_Widget.php:71) in /home/institute/public_html/wp-includes/rest-api/class-wp-rest-server.php on line 1284
[08-May-2019 15:40:14 UTC] PHP Warning:  Cannot modify header information - headers already sent by (output started at /home/institute/public_html/wp-content/plugins/ultimate-product-catalogue/Functions/UPCP_Widget.php:71) in /home/institute/public_html/wp-includes/rest-api/class-wp-rest-server.php on line 1258
[08-May-2019 15:40:16 UTC] PHP Deprecated:  Function create_function() is deprecated in /home/institute/public_html/wp-content/plugins/ultimate-product-catalogue/Functions/UPCP_Widget.php on line 71
[08-May-2019 15:40:16 UTC] PHP Deprecated:  Function create_function() is deprecated in /home/institute/public_html/wp-content/plugins/ultimate-product-catalogue/Functions/UPCP_Widget.php on line 142
[08-May-2019 15:40:16 UTC] PHP Deprecated:  Function create_function() is deprecated in /home/institute/public_html/wp-content/plugins/ultimate-product-catalogue/Functions/UPCP_Widget.php on line 213
[08-May-2019 15:40:16 UTC] PHP Deprecated:  Function create_function() is deprecated in /home/institute/public_html/wp-content/plugins/ultimate-product-catalogue/Functions/UPCP_Widget.php on line 280
[08-May-2019 15:40:16 UTC] PHP Deprecated:  Function create_function() is deprecated in /home/institute/public_html/wp-content/plugins/ultimate-product-catalogue/Functions/UPCP_Widget.php on line 353
[08-May-2019 15:40:17 UTC] PHP Warning:  Cannot modify header information - headers already sent by (output started at /home/institute/public_html/wp-content/plugins/ultimate-product-catalogue/Functions/UPCP_Widget.php:71) in /home/institute/public_html/wp-content/plugins/infusedwooPRO/modules/referral.php on line 33
[08-May-2019 15:40:17 UTC] PHP Warning:  Cannot modify header information - headers already sent by (output started at /home/institute/public_html/wp-content/plugins/ultimate-product-catalogue/Functions/UPCP_Widget.php:71) in /home/institute/public_html/wp-includes/rest-api/class-wp-rest-server.php on line 1258
[08-May-2019 15:40:17 UTC] PHP Warning:  Cannot modify header information - headers already sent by (output started at /home/institute/public_html/wp-content/plugins/ultimate-product-catalogue/Functions/UPCP_Widget.php:71) in /home/institute/public_html/wp-includes/rest-api/class-wp-rest-server.php on line 1258
[08-May-2019 15:40:17 UTC] PHP Warning:  Cannot modify header information - headers already sent by (output started at /home/institute/public_html/wp-content/plugins/ultimate-product-catalogue/Functions/UPCP_Widget.php:71) in /home/institute/public_html/wp-includes/rest-api/class-wp-rest-server.php on line 1258
[08-May-2019 15:40:17 UTC] PHP Warning:  Cannot modify header information - headers already sent by (output started at /home/institute/public_html/wp-content/plugins/ultimate-product-catalogue/Functions/UPCP_Widget.php:71) in /home/institute/public_html/wp-includes/rest-api/class-wp-rest-server.php on line 1258
[08-May-2019 15:40:17 UTC] PHP Warning:  Cannot modify header information - headers already sent by (output started at /home/institute/public_html/wp-content/plugins/ultimate-product-catalogue/Functions/UPCP_Widget.php:71) in /home/institute/public_html/wp-includes/rest-api/class-wp-rest-server.php on line 1258
[08-May-2019 15:40:17 UTC] PHP Warning:  Cannot modify header information - headers already sent by (output started at /home/institute/public_html/wp-content/plugins/ultimate-product-catalogue/Functions/UPCP_Widget.php:71) in /home/institute/public_html/wp-includes/rest-api/class-wp-rest-server.php on line 1258
[08-May-2019 15:40:17 UTC] PHP Warning:  Cannot modify header information - headers already sent by (output started at /home/institute/public_html/wp-content/plugins/ultimate-product-catalogue/Functions/UPCP_Widget.php:71) in /home/institute/public_html/wp-includes/rest-api/class-wp-rest-server.php on line 1258
[08-May-2019 15:40:17 UTC] PHP Warning:  Cannot modify header information - headers already sent by (output started at /home/institute/public_html/wp-content/plugins/ultimate-product-catalogue/Functions/UPCP_Widget.php:71) in /home/institute/public_html/wp-includes/rest-api/class-wp-rest-server.php on line 1258
[08-May-2019 15:40:17 UTC] PHP Warning:  Cannot modify header information - headers already sent by (output started at /home/institute/public_html/wp-content/plugins/ultimate-product-catalogue/Functions/UPCP_Widget.php:71) in /home/institute/public_html/wp-includes/rest-api/class-wp-rest-server.php on line 1284
[08-May-2019 15:40:17 UTC] PHP Warning:  Cannot modify header information - headers already sent by (output started at /home/institute/public_html/wp-content/plugins/ultimate-product-catalogue/Functions/UPCP_Widget.php:71) in /home/institute/public_html/wp-includes/rest-api/class-wp-rest-server.php on line 1258
[08-May-2019 15:40:30 UTC] PHP Deprecated:  Function create_function() is deprecated in /home/institute/public_html/wp-content/plugins/ultimate-product-catalogue/Functions/UPCP_Widget.php on line 71
[08-May-2019 15:40:30 UTC] PHP Deprecated:  Function create_function() is deprecated in /home/institute/public_html/wp-content/plugins/ultimate-product-catalogue/Functions/UPCP_Widget.php on line 142
[08-May-2019 15:40:30 UTC] PHP Deprecated:  Function create_function() is deprecated in /home/institute/public_html/wp-content/plugins/ultimate-product-catalogue/Functions/UPCP_Widget.php on line 213
[08-May-2019 15:40:30 UTC] PHP Deprecated:  Function create_function() is deprecated in /home/institute/public_html/wp-content/plugins/ultimate-product-catalogue/Functions/UPCP_Widget.php on line 280
[08-May-2019 15:40:30 UTC] PHP Deprecated:  Function create_function() is deprecated in /home/institute/public_html/wp-content/plugins/ultimate-product-catalogue/Functions/UPCP_Widget.php on line 353
[08-May-2019 15:40:30 UTC] PHP Warning:  Cannot modify header information - headers already sent by (output started at /home/institute/public_html/wp-content/plugins/ultimate-product-catalogue/Functions/UPCP_Widget.php:71) in /home/institute/public_html/wp-content/plugins/infusedwooPRO/modules/referral.php on line 33
[08-May-2019 15:40:30 UTC] PHP Warning:  Cannot modify header information - headers already sent by (output started at /home/institute/public_html/wp-content/plugins/ultimate-product-catalogue/Functions/UPCP_Widget.php:71) in /home/institute/public_html/wp-includes/rest-api/class-wp-rest-server.php on line 1258
[08-May-2019 15:40:30 UTC] PHP Warning:  Cannot modify header information - headers already sent by (output started at /home/institute/public_html/wp-content/plugins/ultimate-product-catalogue/Functions/UPCP_Widget.php:71) in /home/institute/public_html/wp-includes/rest-api/class-wp-rest-server.php on line 1258
[08-May-2019 15:40:30 UTC] PHP Warning:  Cannot modify header information - headers already sent by (output started at /home/institute/public_html/wp-content/plugins/ultimate-product-catalogue/Functions/UPCP_Widget.php:71) in /home/institute/public_html/wp-includes/rest-api/class-wp-rest-server.php on line 1258
[08-May-2019 15:40:30 UTC] PHP Warning:  Cannot modify header information - headers already sent by (output started at /home/institute/public_html/wp-content/plugins/ultimate-product-catalogue/Functions/UPCP_Widget.php:71) in /home/institute/public_html/wp-includes/rest-api/class-wp-rest-server.php on line 1258
[08-May-2019 15:40:30 UTC] PHP Warning:  Cannot modify header information - headers already sent by (output started at /home/institute/public_html/wp-content/plugins/ultimate-product-catalogue/Functions/UPCP_Widget.php:71) in /home/institute/public_html/wp-includes/rest-api/class-wp-rest-server.php on line 1258
[08-May-2019 15:40:30 UTC] PHP Warning:  Cannot modify header information - headers already sent by (output started at /home/institute/public_html/wp-content/plugins/ultimate-product-catalogue/Functions/UPCP_Widget.php:71) in /home/institute/public_html/wp-includes/rest-api/class-wp-rest-server.php on line 1258
[08-May-2019 15:40:30 UTC] PHP Warning:  Cannot modify header information - headers already sent by (output started at /home/institute/public_html/wp-content/plugins/ultimate-product-catalogue/Functions/UPCP_Widget.php:71) in /home/institute/public_html/wp-includes/rest-api/class-wp-rest-server.php on line 1258
[08-May-2019 15:40:30 UTC] PHP Warning:  Cannot modify header information - headers already sent by (output started at /home/institute/public_html/wp-content/plugins/ultimate-product-catalogue/Functions/UPCP_Widget.php:71) in /home/institute/public_html/wp-includes/rest-api/class-wp-rest-server.php on line 1258
[08-May-2019 15:40:30 UTC] PHP Warning:  Cannot modify header information - headers already sent by (output started at /home/institute/public_html/wp-content/plugins/ultimate-product-catalogue/Functions/UPCP_Widget.php:71) in /home/institute/public_html/wp-includes/rest-api/class-wp-rest-server.php on line 1284
[08-May-2019 15:40:30 UTC] PHP Warning:  Cannot modify header information - headers already sent by (output started at /home/institute/public_html/wp-content/plugins/ultimate-product-catalogue/Functions/UPCP_Widget.php:71) in /home/institute/public_html/wp-includes/rest-api/class-wp-rest-server.php on line 1258
[08-May-2019 15:40:31 UTC] PHP Deprecated:  Function create_function() is deprecated in /home/institute/public_html/wp-content/plugins/ultimate-product-catalogue/Functions/UPCP_Widget.php on line 71
[08-May-2019 15:40:31 UTC] PHP Deprecated:  Function create_function() is deprecated in /home/institute/public_html/wp-content/plugins/ultimate-product-catalogue/Functions/UPCP_Widget.php on line 142
[08-May-2019 15:40:31 UTC] PHP Deprecated:  Function create_function() is deprecated in /home/institute/public_html/wp-content/plugins/ultimate-product-catalogue/Functions/UPCP_Widget.php on line 213
[08-May-2019 15:40:31 UTC] PHP Deprecated:  Function create_function() is deprecated in /home/institute/public_html/wp-content/plugins/ultimate-product-catalogue/Functions/UPCP_Widget.php on line 280
[08-May-2019 15:40:31 UTC] PHP Deprecated:  Function create_function() is deprecated in /home/institute/public_html/wp-content/plugins/ultimate-product-catalogue/Functions/UPCP_Widget.php on line 353
[08-May-2019 15:40:32 UTC] PHP Warning:  Cannot modify header information - headers already sent by (output started at /home/institute/public_html/wp-content/plugins/ultimate-product-catalogue/Functions/UPCP_Widget.php:71) in /home/institute/public_html/wp-content/plugins/infusedwooPRO/modules/referral.php on line 33
[08-May-2019 15:40:32 UTC] PHP Warning:  Cannot modify header information - headers already sent by (output started at /home/institute/public_html/wp-content/plugins/ultimate-product-catalogue/Functions/UPCP_Widget.php:71) in /home/institute/public_html/wp-includes/rest-api/class-wp-rest-server.php on line 1258
[08-May-2019 15:40:32 UTC] PHP Warning:  Cannot modify header information - headers already sent by (output started at /home/institute/public_html/wp-content/plugins/ultimate-product-catalogue/Functions/UPCP_Widget.php:71) in /home/institute/public_html/wp-includes/rest-api/class-wp-rest-server.php on line 1258
[08-May-2019 15:40:32 UTC] PHP Warning:  Cannot modify header information - headers already sent by (output started at /home/institute/public_html/wp-content/plugins/ultimate-product-catalogue/Functions/UPCP_Widget.php:71) in /home/institute/public_html/wp-includes/rest-api/class-wp-rest-server.php on line 1258
[08-May-2019 15:40:32 UTC] PHP Warning:  Cannot modify header information - headers already sent by (output started at /home/institute/public_html/wp-content/plugins/ultimate-product-catalogue/Functions/UPCP_Widget.php:71) in /home/institute/public_html/wp-includes/rest-api/class-wp-rest-server.php on line 1258
[08-May-2019 15:40:32 UTC] PHP Warning:  Cannot modify header information - headers already sent by (output started at /home/institute/public_html/wp-content/plugins/ultimate-product-catalogue/Functions/UPCP_Widget.php:71) in /home/institute/public_html/wp-includes/rest-api/class-wp-rest-server.php on line 1258
[08-May-2019 15:40:32 UTC] PHP Warning:  Cannot modify header information - headers already sent by (output started at /home/institute/public_html/wp-content/plugins/ultimate-product-catalogue/Functions/UPCP_Widget.php:71) in /home/institute/public_html/wp-includes/rest-api/class-wp-rest-server.php on line 1258
[08-May-2019 15:40:32 UTC] PHP Warning:  Cannot modify header information - headers already sent by (output started at /home/institute/public_html/wp-content/plugins/ultimate-product-catalogue/Functions/UPCP_Widget.php:71) in /home/institute/public_html/wp-includes/rest-api/class-wp-rest-server.php on line 1258
[08-May-2019 15:40:32 UTC] PHP Warning:  Cannot modify header information - headers already sent by (output started at /home/institute/public_html/wp-content/plugins/ultimate-product-catalogue/Functions/UPCP_Widget.php:71) in /home/institute/public_html/wp-includes/rest-api/class-wp-rest-server.php on line 1258
[08-May-2019 15:40:32 UTC] PHP Warning:  Cannot modify header information - headers already sent by (output started at /home/institute/public_html/wp-content/plugins/ultimate-product-catalogue/Functions/UPCP_Widget.php:71) in /home/institute/public_html/wp-includes/rest-api/class-wp-rest-server.php on line 1284
[08-May-2019 15:40:32 UTC] PHP Warning:  Cannot modify header information - headers already sent by (output started at /home/institute/public_html/wp-content/plugins/ultimate-product-catalogue/Functions/UPCP_Widget.php:71) in /home/institute/public_html/wp-includes/rest-api/class-wp-rest-server.php on line 1258
[08-May-2019 15:40:46 UTC] PHP Deprecated:  Function create_function() is deprecated in /home/institute/public_html/wp-content/plugins/ultimate-product-catalogue/Functions/UPCP_Widget.php on line 71
[08-May-2019 15:40:46 UTC] PHP Deprecated:  Function create_function() is deprecated in /home/institute/public_html/wp-content/plugins/ultimate-product-catalogue/Functions/UPCP_Widget.php on line 142
[08-May-2019 15:40:46 UTC] PHP Deprecated:  Function create_function() is deprecated in /home/institute/public_html/wp-content/plugins/ultimate-product-catalogue/Functions/UPCP_Widget.php on line 213
[08-May-2019 15:40:46 UTC] PHP Deprecated:  Function create_function() is deprecated in /home/institute/public_html/wp-content/plugins/ultimate-product-catalogue/Functions/UPCP_Widget.php on line 280
[08-May-2019 15:40:46 UTC] PHP Deprecated:  Function create_function() is deprecated in /home/institute/public_html/wp-content/plugins/ultimate-product-catalogue/Functions/UPCP_Widget.php on line 353
[08-May-2019 15:40:46 UTC] PHP Warning:  Cannot modify header information - headers already sent by (output started at /home/institute/public_html/wp-content/plugins/ultimate-product-catalogue/Functions/UPCP_Widget.php:71) in /home/institute/public_html/wp-content/plugins/infusedwooPRO/modules/referral.php on line 33
[08-May-2019 15:40:46 UTC] PHP Warning:  Cannot modify header information - headers already sent by (output started at /home/institute/public_html/wp-content/plugins/ultimate-product-catalogue/Functions/UPCP_Widget.php:71) in /home/institute/public_html/wp-includes/rest-api/class-wp-rest-server.php on line 1258
[08-May-2019 15:40:46 UTC] PHP Warning:  Cannot modify header information - headers already sent by (output started at /home/institute/public_html/wp-content/plugins/ultimate-product-catalogue/Functions/UPCP_Widget.php:71) in /home/institute/public_html/wp-includes/rest-api/class-wp-rest-server.php on line 1258
[08-May-2019 15:40:46 UTC] PHP Warning:  Cannot modify header information - headers already sent by (output started at /home/institute/public_html/wp-content/plugins/ultimate-product-catalogue/Functions/UPCP_Widget.php:71) in /home/institute/public_html/wp-includes/rest-api/class-wp-rest-server.php on line 1258
[08-May-2019 15:40:46 UTC] PHP Warning:  Cannot modify header information - headers already sent by (output started at /home/institute/public_html/wp-content/plugins/ultimate-product-catalogue/Functions/UPCP_Widget.php:71) in /home/institute/public_html/wp-includes/rest-api/class-wp-rest-server.php on line 1258
[08-May-2019 15:40:46 UTC] PHP Warning:  Cannot modify header information - headers already sent by (output started at /home/institute/public_html/wp-content/plugins/ultimate-product-catalogue/Functions/UPCP_Widget.php:71) in /home/institute/public_html/wp-includes/rest-api/class-wp-rest-server.php on line 1258
[08-May-2019 15:40:46 UTC] PHP Warning:  Cannot modify header information - headers already sent by (output started at /home/institute/public_html/wp-content/plugins/ultimate-product-catalogue/Functions/UPCP_Widget.php:71) in /home/institute/public_html/wp-includes/rest-api/class-wp-rest-server.php on line 1258
[08-May-2019 15:40:46 UTC] PHP Warning:  Cannot modify header information - headers already sent by (output started at /home/institute/public_html/wp-content/plugins/ultimate-product-catalogue/Functions/UPCP_Widget.php:71) in /home/institute/public_html/wp-includes/rest-api/class-wp-rest-server.php on line 1258
[08-May-2019 15:40:46 UTC] PHP Warning:  Cannot modify header information - headers already sent by (output started at /home/institute/public_html/wp-content/plugins/ultimate-product-catalogue/Functions/UPCP_Widget.php:71) in /home/institute/public_html/wp-includes/rest-api/class-wp-rest-server.php on line 1258
[08-May-2019 15:40:46 UTC] PHP Warning:  Cannot modify header information - headers already sent by (output started at /home/institute/public_html/wp-content/plugins/ultimate-product-catalogue/Functions/UPCP_Widget.php:71) in /home/institute/public_html/wp-includes/rest-api/class-wp-rest-server.php on line 1284
[08-May-2019 15:40:46 UTC] PHP Warning:  Cannot modify header information - headers already sent by (output started at /home/institute/public_html/wp-content/plugins/ultimate-product-catalogue/Functions/UPCP_Widget.php:71) in /home/institute/public_html/wp-includes/rest-api/class-wp-rest-server.php on line 1258
[08-May-2019 15:40:46 UTC] PHP Deprecated:  Function create_function() is deprecated in /home/institute/public_html/wp-content/plugins/ultimate-product-catalogue/Functions/UPCP_Widget.php on line 71
[08-May-2019 15:40:46 UTC] PHP Deprecated:  Function create_function() is deprecated in /home/institute/public_html/wp-content/plugins/ultimate-product-catalogue/Functions/UPCP_Widget.php on line 142
[08-May-2019 15:40:46 UTC] PHP Deprecated:  Function create_function() is deprecated in /home/institute/public_html/wp-content/plugins/ultimate-product-catalogue/Functions/UPCP_Widget.php on line 213
[08-May-2019 15:40:46 UTC] PHP Deprecated:  Function create_function() is deprecated in /home/institute/public_html/wp-content/plugins/ultimate-product-catalogue/Functions/UPCP_Widget.php on line 280
[08-May-2019 15:40:46 UTC] PHP Deprecated:  Function create_function() is deprecated in /home/institute/public_html/wp-content/plugins/ultimate-product-catalogue/Functions/UPCP_Widget.php on line 353
[08-May-2019 15:40:47 UTC] PHP Deprecated:  Function create_function() is deprecated in /home/institute/public_html/wp-content/plugins/ultimate-product-catalogue/Functions/UPCP_Widget.php on line 71
[08-May-2019 15:40:47 UTC] PHP Deprecated:  Function create_function() is deprecated in /home/institute/public_html/wp-content/plugins/ultimate-product-catalogue/Functions/UPCP_Widget.php on line 142
[08-May-2019 15:40:47 UTC] PHP Deprecated:  Function create_function() is deprecated in /home/institute/public_html/wp-content/plugins/ultimate-product-catalogue/Functions/UPCP_Widget.php on line 213
[08-May-2019 15:40:47 UTC] PHP Deprecated:  Function create_function() is deprecated in /home/institute/public_html/wp-content/plugins/ultimate-product-catalogue/Functions/UPCP_Widget.php on line 280
[08-May-2019 15:40:47 UTC] PHP Deprecated:  Function create_function() is deprecated in /home/institute/public_html/wp-content/plugins/ultimate-product-catalogue/Functions/UPCP_Widget.php on line 353
[08-May-2019 15:40:47 UTC] PHP Warning:  Cannot modify header information - headers already sent by (output started at /home/institute/public_html/wp-content/plugins/ultimate-product-catalogue/Functions/UPCP_Widget.php:71) in /home/institute/public_html/wp-content/plugins/infusedwooPRO/modules/referral.php on line 33
[08-May-2019 15:40:47 UTC] PHP Warning:  Cannot modify header information - headers already sent by (output started at /home/institute/public_html/wp-content/plugins/ultimate-product-catalogue/Functions/UPCP_Widget.php:71) in /home/institute/public_html/wp-content/plugins/infusedwooPRO/modules/referral.php on line 33
[08-May-2019 15:40:47 UTC] PHP Warning:  Cannot modify header information - headers already sent by (output started at /home/institute/public_html/wp-content/plugins/ultimate-product-catalogue/Functions/UPCP_Widget.php:71) in /home/institute/public_html/wp-includes/rest-api/class-wp-rest-server.php on line 1258
[08-May-2019 15:40:47 UTC] PHP Warning:  Cannot modify header information - headers already sent by (output started at /home/institute/public_html/wp-content/plugins/ultimate-product-catalogue/Functions/UPCP_Widget.php:71) in /home/institute/public_html/wp-includes/rest-api/class-wp-rest-server.php on line 1258
[08-May-2019 15:40:47 UTC] PHP Warning:  Cannot modify header information - headers already sent by (output started at /home/institute/public_html/wp-content/plugins/ultimate-product-catalogue/Functions/UPCP_Widget.php:71) in /home/institute/public_html/wp-includes/rest-api/class-wp-rest-server.php on line 1258
[08-May-2019 15:40:47 UTC] PHP Warning:  Cannot modify header information - headers already sent by (output started at /home/institute/public_html/wp-content/plugins/ultimate-product-catalogue/Functions/UPCP_Widget.php:71) in /home/institute/public_html/wp-includes/rest-api/class-wp-rest-server.php on line 1258
[08-May-2019 15:40:47 UTC] PHP Warning:  Cannot modify header information - headers already sent by (output started at /home/institute/public_html/wp-content/plugins/ultimate-product-catalogue/Functions/UPCP_Widget.php:71) in /home/institute/public_html/wp-includes/rest-api/class-wp-rest-server.php on line 1258
[08-May-2019 15:40:47 UTC] PHP Warning:  Cannot modify header information - headers already sent by (output started at /home/institute/public_html/wp-content/plugins/ultimate-product-catalogue/Functions/UPCP_Widget.php:71) in /home/institute/public_html/wp-includes/rest-api/class-wp-rest-server.php on line 1258
[08-May-2019 15:40:47 UTC] PHP Warning:  Cannot modify header information - headers already sent by (output started at /home/institute/public_html/wp-content/plugins/ultimate-product-catalogue/Functions/UPCP_Widget.php:71) in /home/institute/public_html/wp-includes/rest-api/class-wp-rest-server.php on line 1258
[08-May-2019 15:40:47 UTC] PHP Warning:  Cannot modify header information - headers already sent by (output started at /home/institute/public_html/wp-content/plugins/ultimate-product-catalogue/Functions/UPCP_Widget.php:71) in /home/institute/public_html/wp-includes/rest-api/class-wp-rest-server.php on line 1258
[08-May-2019 15:40:47 UTC] PHP Warning:  Cannot modify header information - headers already sent by (output started at /home/institute/public_html/wp-content/plugins/ultimate-product-catalogue/Functions/UPCP_Widget.php:71) in /home/institute/public_html/wp-includes/rest-api/class-wp-rest-server.php on line 1284
[08-May-2019 15:40:47 UTC] PHP Warning:  Cannot modify header information - headers already sent by (output started at /home/institute/public_html/wp-content/plugins/ultimate-product-catalogue/Functions/UPCP_Widget.php:71) in /home/institute/public_html/wp-includes/rest-api/class-wp-rest-server.php on line 1258
[08-May-2019 15:40:47 UTC] PHP Deprecated:  Function create_function() is deprecated in /home/institute/public_html/wp-content/plugins/ultimate-product-catalogue/Functions/UPCP_Widget.php on line 71
[08-May-2019 15:40:47 UTC] PHP Deprecated:  Function create_function() is deprecated in /home/institute/public_html/wp-content/plugins/ultimate-product-catalogue/Functions/UPCP_Widget.php on line 142
[08-May-2019 15:40:47 UTC] PHP Deprecated:  Function create_function() is deprecated in /home/institute/public_html/wp-content/plugins/ultimate-product-catalogue/Functions/UPCP_Widget.php on line 213
[08-May-2019 15:40:47 UTC] PHP Deprecated:  Function create_function() is deprecated in /home/institute/public_html/wp-content/plugins/ultimate-product-catalogue/Functions/UPCP_Widget.php on line 280
[08-May-2019 15:40:47 UTC] PHP Deprecated:  Function create_function() is deprecated in /home/institute/public_html/wp-content/plugins/ultimate-product-catalogue/Functions/UPCP_Widget.php on line 353
[08-May-2019 15:40:47 UTC] PHP Warning:  Cannot modify header information - headers already sent by (output started at /home/institute/public_html/wp-content/plugins/ultimate-product-catalogue/Functions/UPCP_Widget.php:71) in /home/institute/public_html/wp-content/plugins/infusedwooPRO/modules/referral.php on line 33
[08-May-2019 15:40:47 UTC] PHP Warning:  Cannot modify header information - headers already sent by (output started at /home/institute/public_html/wp-content/plugins/ultimate-product-catalogue/Functions/UPCP_Widget.php:71) in /home/institute/public_html/wp-content/plugins/wp-add-custom-css/css/custom-css.php on line 2
[08-May-2019 15:40:48 UTC] PHP Deprecated:  Function create_function() is deprecated in /home/institute/public_html/wp-content/plugins/ultimate-product-catalogue/Functions/UPCP_Widget.php on line 71
[08-May-2019 15:40:48 UTC] PHP Deprecated:  Function create_function() is deprecated in /home/institute/public_html/wp-content/plugins/ultimate-product-catalogue/Functions/UPCP_Widget.php on line 142
[08-May-2019 15:40:48 UTC] PHP Deprecated:  Function create_function() is deprecated in /home/institute/public_html/wp-content/plugins/ultimate-product-catalogue/Functions/UPCP_Widget.php on line 213
[08-May-2019 15:40:48 UTC] PHP Deprecated:  Function create_function() is deprecated in /home/institute/public_html/wp-content/plugins/ultimate-product-catalogue/Functions/UPCP_Widget.php on line 280
[08-May-2019 15:40:48 UTC] PHP Deprecated:  Function create_function() is deprecated in /home/institute/public_html/wp-content/plugins/ultimate-product-catalogue/Functions/UPCP_Widget.php on line 353
[08-May-2019 15:40:48 UTC] PHP Warning:  Cannot modify header information - headers already sent by (output started at /home/institute/public_html/wp-content/plugins/ultimate-product-catalogue/Functions/UPCP_Widget.php:71) in /home/institute/public_html/wp-content/plugins/infusedwooPRO/modules/referral.php on line 33
[08-May-2019 15:40:48 UTC] PHP Notice:  wc_ajax_headers cannot set headers - headers already sent by /home/institute/public_html/wp-content/plugins/ultimate-product-catalogue/Functions/UPCP_Widget.php on line 71 in /home/institute/public_html/wp-content/plugins/woocommerce/includes/class-wc-ajax.php on line 67
[08-May-2019 15:40:50 UTC] PHP Deprecated:  Function create_function() is deprecated in /home/institute/public_html/wp-content/plugins/ultimate-product-catalogue/Functions/UPCP_Widget.php on line 71
[08-May-2019 15:40:50 UTC] PHP Deprecated:  Function create_function() is deprecated in /home/institute/public_html/wp-content/plugins/ultimate-product-catalogue/Functions/UPCP_Widget.php on line 142
[08-May-2019 15:40:50 UTC] PHP Deprecated:  Function create_function() is deprecated in /home/institute/public_html/wp-content/plugins/ultimate-product-catalogue/Functions/UPCP_Widget.php on line 213
[08-May-2019 15:40:50 UTC] PHP Deprecated:  Function create_function() is deprecated in /home/institute/public_html/wp-content/plugins/ultimate-product-catalogue/Functions/UPCP_Widget.php on line 280
[08-May-2019 15:40:50 UTC] PHP Deprecated:  Function create_function() is deprecated in /home/institute/public_html/wp-content/plugins/ultimate-product-catalogue/Functions/UPCP_Widget.php on line 353
[08-May-2019 15:40:50 UTC] PHP Warning:  Cannot modify header information - headers already sent by (output started at /home/institute/public_html/wp-content/plugins/ultimate-product-catalogue/Functions/UPCP_Widget.php:71) in /home/institute/public_html/wp-content/plugins/infusedwooPRO/modules/referral.php on line 33
[08-May-2019 15:40:51 UTC] PHP Deprecated:  Function create_function() is deprecated in /home/institute/public_html/wp-content/plugins/ultimate-product-catalogue/Functions/UPCP_Widget.php on line 71
[08-May-2019 15:40:51 UTC] PHP Deprecated:  Function create_function() is deprecated in /home/institute/public_html/wp-content/plugins/ultimate-product-catalogue/Functions/UPCP_Widget.php on line 142
[08-May-2019 15:40:51 UTC] PHP Deprecated:  Function create_function() is deprecated in /home/institute/public_html/wp-content/plugins/ultimate-product-catalogue/Functions/UPCP_Widget.php on line 213
[08-May-2019 15:40:51 UTC] PHP Deprecated:  Function create_function() is deprecated in /home/institute/public_html/wp-content/plugins/ultimate-product-catalogue/Functions/UPCP_Widget.php on line 280
[08-May-2019 15:40:51 UTC] PHP Deprecated:  Function create_function() is deprecated in /home/institute/public_html/wp-content/plugins/ultimate-product-catalogue/Functions/UPCP_Widget.php on line 353
[08-May-2019 15:40:51 UTC] PHP Warning:  Cannot modify header information - headers already sent by (output started at /home/institute/public_html/wp-content/plugins/ultimate-product-catalogue/Functions/UPCP_Widget.php:71) in /home/institute/public_html/wp-content/plugins/infusedwooPRO/modules/referral.php on line 33
[08-May-2019 15:40:51 UTC] PHP Warning:  Cannot modify header information - headers already sent by (output started at /home/institute/public_html/wp-content/plugins/ultimate-product-catalogue/Functions/UPCP_Widget.php:71) in /home/institute/public_html/wp-content/plugins/wp-add-custom-css/css/custom-css.php on line 2
[08-May-2019 15:40:51 UTC] PHP Deprecated:  Function create_function() is deprecated in /home/institute/public_html/wp-content/plugins/ultimate-product-catalogue/Functions/UPCP_Widget.php on line 71
[08-May-2019 15:40:51 UTC] PHP Deprecated:  Function create_function() is deprecated in /home/institute/public_html/wp-content/plugins/ultimate-product-catalogue/Functions/UPCP_Widget.php on line 142
[08-May-2019 15:40:51 UTC] PHP Deprecated:  Function create_function() is deprecated in /home/institute/public_html/wp-content/plugins/ultimate-product-catalogue/Functions/UPCP_Widget.php on line 213
[08-May-2019 15:40:51 UTC] PHP Deprecated:  Function create_function() is deprecated in /home/institute/public_html/wp-content/plugins/ultimate-product-catalogue/Functions/UPCP_Widget.php on line 280
[08-May-2019 15:40:51 UTC] PHP Deprecated:  Function create_function() is deprecated in /home/institute/public_html/wp-content/plugins/ultimate-product-catalogue/Functions/UPCP_Widget.php on line 353
[08-May-2019 15:40:51 UTC] PHP Warning:  Cannot modify header information - headers already sent by (output started at /home/institute/public_html/wp-content/plugins/ultimate-product-catalogue/Functions/UPCP_Widget.php:71) in /home/institute/public_html/wp-content/plugins/infusedwooPRO/modules/referral.php on line 33
[08-May-2019 15:40:51 UTC] PHP Notice:  wc_ajax_headers cannot set headers - headers already sent by /home/institute/public_html/wp-content/plugins/ultimate-product-catalogue/Functions/UPCP_Widget.php on line 71 in /home/institute/public_html/wp-content/plugins/woocommerce/includes/class-wc-ajax.php on line 67
[08-May-2019 15:41:01 UTC] PHP Deprecated:  Function create_function() is deprecated in /home/institute/public_html/wp-content/plugins/ultimate-product-catalogue/Functions/UPCP_Widget.php on line 71
[08-May-2019 15:41:01 UTC] PHP Deprecated:  Function create_function() is deprecated in /home/institute/public_html/wp-content/plugins/ultimate-product-catalogue/Functions/UPCP_Widget.php on line 142
[08-May-2019 15:41:01 UTC] PHP Deprecated:  Function create_function() is deprecated in /home/institute/public_html/wp-content/plugins/ultimate-product-catalogue/Functions/UPCP_Widget.php on line 213
[08-May-2019 15:41:01 UTC] PHP Deprecated:  Function create_function() is deprecated in /home/institute/public_html/wp-content/plugins/ultimate-product-catalogue/Functions/UPCP_Widget.php on line 280
[08-May-2019 15:41:01 UTC] PHP Deprecated:  Function create_function() is deprecated in /home/institute/public_html/wp-content/plugins/ultimate-product-catalogue/Functions/UPCP_Widget.php on line 353
[08-May-2019 15:41:02 UTC] PHP Warning:  Cannot modify header information - headers already sent by (output started at /home/institute/public_html/wp-content/plugins/ultimate-product-catalogue/Functions/UPCP_Widget.php:71) in /home/institute/public_html/wp-content/plugins/infusedwooPRO/modules/referral.php on line 33
[08-May-2019 15:41:02 UTC] PHP Warning:  Cannot modify header information - headers already sent by (output started at /home/institute/public_html/wp-content/plugins/ultimate-product-catalogue/Functions/UPCP_Widget.php:71) in /home/institute/public_html/wp-includes/rest-api/class-wp-rest-server.php on line 1258
[08-May-2019 15:41:02 UTC] PHP Warning:  Cannot modify header information - headers already sent by (output started at /home/institute/public_html/wp-content/plugins/ultimate-product-catalogue/Functions/UPCP_Widget.php:71) in /home/institute/public_html/wp-includes/rest-api/class-wp-rest-server.php on line 1258
[08-May-2019 15:41:02 UTC] PHP Warning:  Cannot modify header information - headers already sent by (output started at /home/institute/public_html/wp-content/plugins/ultimate-product-catalogue/Functions/UPCP_Widget.php:71) in /home/institute/public_html/wp-includes/rest-api/class-wp-rest-server.php on line 1258
[08-May-2019 15:41:02 UTC] PHP Warning:  Cannot modify header information - headers already sent by (output started at /home/institute/public_html/wp-content/plugins/ultimate-product-catalogue/Functions/UPCP_Widget.php:71) in /home/institute/public_html/wp-includes/rest-api/class-wp-rest-server.php on line 1258
[08-May-2019 15:41:02 UTC] PHP Warning:  Cannot modify header information - headers already sent by (output started at /home/institute/public_html/wp-content/plugins/ultimate-product-catalogue/Functions/UPCP_Widget.php:71) in /home/institute/public_html/wp-includes/rest-api/class-wp-rest-server.php on line 1258
[08-May-2019 15:41:02 UTC] PHP Warning:  Cannot modify header information - headers already sent by (output started at /home/institute/public_html/wp-content/plugins/ultimate-product-catalogue/Functions/UPCP_Widget.php:71) in /home/institute/public_html/wp-includes/rest-api/class-wp-rest-server.php on line 1258
[08-May-2019 15:41:02 UTC] PHP Warning:  Cannot modify header information - headers already sent by (output started at /home/institute/public_html/wp-content/plugins/ultimate-product-catalogue/Functions/UPCP_Widget.php:71) in /home/institute/public_html/wp-includes/rest-api/class-wp-rest-server.php on line 1258
[08-May-2019 15:41:02 UTC] PHP Warning:  Cannot modify header information - headers already sent by (output started at /home/institute/public_html/wp-content/plugins/ultimate-product-catalogue/Functions/UPCP_Widget.php:71) in /home/institute/public_html/wp-includes/rest-api/class-wp-rest-server.php on line 1258
[08-May-2019 15:41:02 UTC] PHP Warning:  Cannot modify header information - headers already sent by (output started at /home/institute/public_html/wp-content/plugins/ultimate-product-catalogue/Functions/UPCP_Widget.php:71) in /home/institute/public_html/wp-includes/rest-api/class-wp-rest-server.php on line 1284
[08-May-2019 15:41:02 UTC] PHP Warning:  Cannot modify header information - headers already sent by (output started at /home/institute/public_html/wp-content/plugins/ultimate-product-catalogue/Functions/UPCP_Widget.php:71) in /home/institute/public_html/wp-includes/rest-api/class-wp-rest-server.php on line 1258
[08-May-2019 15:41:02 UTC] PHP Deprecated:  Function create_function() is deprecated in /home/institute/public_html/wp-content/plugins/ultimate-product-catalogue/Functions/UPCP_Widget.php on line 71
[08-May-2019 15:41:02 UTC] PHP Deprecated:  Function create_function() is deprecated in /home/institute/public_html/wp-content/plugins/ultimate-product-catalogue/Functions/UPCP_Widget.php on line 142
[08-May-2019 15:41:02 UTC] PHP Deprecated:  Function create_function() is deprecated in /home/institute/public_html/wp-content/plugins/ultimate-product-catalogue/Functions/UPCP_Widget.php on line 213
[08-May-2019 15:41:02 UTC] PHP Deprecated:  Function create_function() is deprecated in /home/institute/public_html/wp-content/plugins/ultimate-product-catalogue/Functions/UPCP_Widget.php on line 280
[08-May-2019 15:41:02 UTC] PHP Deprecated:  Function create_function() is deprecated in /home/institute/public_html/wp-content/plugins/ultimate-product-catalogue/Functions/UPCP_Widget.php on line 353
[08-May-2019 15:41:02 UTC] PHP Warning:  Cannot modify header information - headers already sent by (output started at /home/institute/public_html/wp-content/plugins/ultimate-product-catalogue/Functions/UPCP_Widget.php:71) in /home/institute/public_html/wp-content/plugins/infusedwooPRO/modules/referral.php on line 33
[08-May-2019 15:41:02 UTC] PHP Warning:  Cannot modify header information - headers already sent by (output started at /home/institute/public_html/wp-content/plugins/ultimate-product-catalogue/Functions/UPCP_Widget.php:71) in /home/institute/public_html/wp-includes/rest-api/class-wp-rest-server.php on line 1258
[08-May-2019 15:41:02 UTC] PHP Warning:  Cannot modify header information - headers already sent by (output started at /home/institute/public_html/wp-content/plugins/ultimate-product-catalogue/Functions/UPCP_Widget.php:71) in /home/institute/public_html/wp-includes/rest-api/class-wp-rest-server.php on line 1258
[08-May-2019 15:41:02 UTC] PHP Warning:  Cannot modify header information - headers already sent by (output started at /home/institute/public_html/wp-content/plugins/ultimate-product-catalogue/Functions/UPCP_Widget.php:71) in /home/institute/public_html/wp-includes/rest-api/class-wp-rest-server.php on line 1258
[08-May-2019 15:41:02 UTC] PHP Warning:  Cannot modify header information - headers already sent by (output started at /home/institute/public_html/wp-content/plugins/ultimate-product-catalogue/Functions/UPCP_Widget.php:71) in /home/institute/public_html/wp-includes/rest-api/class-wp-rest-server.php on line 1258
[08-May-2019 15:41:02 UTC] PHP Warning:  Cannot modify header information - headers already sent by (output started at /home/institute/public_html/wp-content/plugins/ultimate-product-catalogue/Functions/UPCP_Widget.php:71) in /home/institute/public_html/wp-includes/rest-api/class-wp-rest-server.php on line 1258
[08-May-2019 15:41:02 UTC] PHP Warning:  Cannot modify header information - headers already sent by (output started at /home/institute/public_html/wp-content/plugins/ultimate-product-catalogue/Functions/UPCP_Widget.php:71) in /home/institute/public_html/wp-includes/rest-api/class-wp-rest-server.php on line 1258
[08-May-2019 15:41:02 UTC] PHP Warning:  Cannot modify header information - headers already sent by (output started at /home/institute/public_html/wp-content/plugins/ultimate-product-catalogue/Functions/UPCP_Widget.php:71) in /home/institute/public_html/wp-includes/rest-api/class-wp-rest-server.php on line 1258
[08-May-2019 15:41:02 UTC] PHP Warning:  Cannot modify header information - headers already sent by (output started at /home/institute/public_html/wp-content/plugins/ultimate-product-catalogue/Functions/UPCP_Widget.php:71) in /home/institute/public_html/wp-includes/rest-api/class-wp-rest-server.php on line 1258
[08-May-2019 15:41:02 UTC] PHP Warning:  Cannot modify header information - headers already sent by (output started at /home/institute/public_html/wp-content/plugins/ultimate-product-catalogue/Functions/UPCP_Widget.php:71) in /home/institute/public_html/wp-includes/rest-api/class-wp-rest-server.php on line 1284
[08-May-2019 15:41:02 UTC] PHP Warning:  Cannot modify header information - headers already sent by (output started at /home/institute/public_html/wp-content/plugins/ultimate-product-catalogue/Functions/UPCP_Widget.php:71) in /home/institute/public_html/wp-includes/rest-api/class-wp-rest-server.php on line 1258
[08-May-2019 15:41:49 UTC] PHP Deprecated:  Function create_function() is deprecated in /home/institute/public_html/wp-content/plugins/ultimate-product-catalogue/Functions/UPCP_Widget.php on line 71
[08-May-2019 15:41:49 UTC] PHP Deprecated:  Function create_function() is deprecated in /home/institute/public_html/wp-content/plugins/ultimate-product-catalogue/Functions/UPCP_Widget.php on line 142
[08-May-2019 15:41:49 UTC] PHP Deprecated:  Function create_function() is deprecated in /home/institute/public_html/wp-content/plugins/ultimate-product-catalogue/Functions/UPCP_Widget.php on line 213
[08-May-2019 15:41:49 UTC] PHP Deprecated:  Function create_function() is deprecated in /home/institute/public_html/wp-content/plugins/ultimate-product-catalogue/Functions/UPCP_Widget.php on line 280
[08-May-2019 15:41:49 UTC] PHP Deprecated:  Function create_function() is deprecated in /home/institute/public_html/wp-content/plugins/ultimate-product-catalogue/Functions/UPCP_Widget.php on line 353
[08-May-2019 15:41:49 UTC] PHP Deprecated:  Function create_function() is deprecated in /home/institute/public_html/wp-content/plugins/ultimate-product-catalogue/Functions/UPCP_Widget.php on line 71
[08-May-2019 15:41:49 UTC] PHP Deprecated:  Function create_function() is deprecated in /home/institute/public_html/wp-content/plugins/ultimate-product-catalogue/Functions/UPCP_Widget.php on line 142
[08-May-2019 15:41:49 UTC] PHP Deprecated:  Function create_function() is deprecated in /home/institute/public_html/wp-content/plugins/ultimate-product-catalogue/Functions/UPCP_Widget.php on line 213
[08-May-2019 15:41:49 UTC] PHP Deprecated:  Function create_function() is deprecated in /home/institute/public_html/wp-content/plugins/ultimate-product-catalogue/Functions/UPCP_Widget.php on line 280
[08-May-2019 15:41:49 UTC] PHP Deprecated:  Function create_function() is deprecated in /home/institute/public_html/wp-content/plugins/ultimate-product-catalogue/Functions/UPCP_Widget.php on line 353
[08-May-2019 15:41:49 UTC] PHP Warning:  Cannot modify header information - headers already sent by (output started at /home/institute/public_html/wp-content/plugins/ultimate-product-catalogue/Functions/UPCP_Widget.php:71) in /home/institute/public_html/wp-content/plugins/infusedwooPRO/modules/referral.php on line 33
[08-May-2019 15:41:49 UTC] PHP Warning:  Cannot modify header information - headers already sent by (output started at /home/institute/public_html/wp-content/plugins/ultimate-product-catalogue/Functions/UPCP_Widget.php:71) in /home/institute/public_html/wp-content/plugins/infusedwooPRO/modules/referral.php on line 33
[08-May-2019 15:41:49 UTC] PHP Deprecated:  Function create_function() is deprecated in /home/institute/public_html/wp-content/plugins/ultimate-product-catalogue/Functions/UPCP_Widget.php on line 71
[08-May-2019 15:41:49 UTC] PHP Deprecated:  Function create_function() is deprecated in /home/institute/public_html/wp-content/plugins/ultimate-product-catalogue/Functions/UPCP_Widget.php on line 142
[08-May-2019 15:41:49 UTC] PHP Deprecated:  Function create_function() is deprecated in /home/institute/public_html/wp-content/plugins/ultimate-product-catalogue/Functions/UPCP_Widget.php on line 213
[08-May-2019 15:41:49 UTC] PHP Deprecated:  Function create_function() is deprecated in /home/institute/public_html/wp-content/plugins/ultimate-product-catalogue/Functions/UPCP_Widget.php on line 280
[08-May-2019 15:41:49 UTC] PHP Deprecated:  Function create_function() is deprecated in /home/institute/public_html/wp-content/plugins/ultimate-product-catalogue/Functions/UPCP_Widget.php on line 353
[08-May-2019 15:41:49 UTC] PHP Warning:  Cannot modify header information - headers already sent by (output started at /home/institute/public_html/wp-content/plugins/ultimate-product-catalogue/Functions/UPCP_Widget.php:71) in /home/institute/public_html/wp-content/plugins/infusedwooPRO/modules/referral.php on line 33
[08-May-2019 15:41:49 UTC] PHP Warning:  Cannot modify header information - headers already sent by (output started at /home/institute/public_html/wp-content/plugins/ultimate-product-catalogue/Functions/UPCP_Widget.php:71) in /home/institute/public_html/wp-content/plugins/wp-add-custom-css/css/custom-css.php on line 2
